[2019-02-12 11:00:40,149] ERROR Unknown error when running consumer:  (kafka.tools.ConsoleConsumer$)
org.apache.kafka.common.KafkaException: Failed to construct kafka consumer
	at org.apache.kafka.clients.consumer.KafkaConsumer.<init>(KafkaConsumer.java:805)
	at org.apache.kafka.clients.consumer.KafkaConsumer.<init>(KafkaConsumer.java:652)
	at kafka.tools.ConsoleConsumer$.run(ConsoleConsumer.scala:67)
	at kafka.tools.ConsoleConsumer$.main(ConsoleConsumer.scala:54)
	at kafka.tools.ConsoleConsumer.main(ConsoleConsumer.scala)
Caused by: org.apache.kafka.common.KafkaException: org.apache.kafka.common.KafkaException: org.apache.kafka.common.KafkaException: Failed to load SSL keystore kafka.client.keystore.jks of type JKS
	at org.apache.kafka.common.network.SslChannelBuilder.configure(SslChannelBuilder.java:66)
	at org.apache.kafka.common.network.ChannelBuilders.create(ChannelBuilders.java:140)
	at org.apache.kafka.common.network.ChannelBuilders.clientChannelBuilder(ChannelBuilders.java:65)
	at org.apache.kafka.clients.ClientUtils.createChannelBuilder(ClientUtils.java:108)
	at org.apache.kafka.clients.consumer.KafkaConsumer.<init>(KafkaConsumer.java:718)
	... 4 more
Caused by: org.apache.kafka.common.KafkaException: org.apache.kafka.common.KafkaException: Failed to load SSL keystore kafka.client.keystore.jks of type JKS
	at org.apache.kafka.common.security.ssl.SslFactory.configure(SslFactory.java:143)
	at org.apache.kafka.common.network.SslChannelBuilder.configure(SslChannelBuilder.java:64)
	... 8 more
Caused by: org.apache.kafka.common.KafkaException: Failed to load SSL keystore kafka.client.keystore.jks of type JKS
	at org.apache.kafka.common.security.ssl.SslFactory$SecurityStore.load(SslFactory.java:347)
	at org.apache.kafka.common.security.ssl.SslFactory.createSSLContext(SslFactory.java:230)
	at org.apache.kafka.common.security.ssl.SslFactory.configure(SslFactory.java:141)
	... 9 more
Caused by: java.nio.file.NoSuchFileException: kafka.client.keystore.jks
	at sun.nio.fs.UnixException.translateToIOException(UnixException.java:86)
	at sun.nio.fs.UnixException.rethrowAsIOException(UnixException.java:102)
	at sun.nio.fs.UnixException.rethrowAsIOException(UnixException.java:107)
	at sun.nio.fs.UnixFileSystemProvider.newByteChannel(UnixFileSystemProvider.java:214)
	at java.nio.file.Files.newByteChannel(Files.java:361)
	at java.nio.file.Files.newByteChannel(Files.java:407)
	at java.nio.file.spi.FileSystemProvider.newInputStream(FileSystemProvider.java:384)
	at java.nio.file.Files.newInputStream(Files.java:152)
	at org.apache.kafka.common.security.ssl.SslFactory$SecurityStore.load(SslFactory.java:336)
	... 11 more
[2019-02-12 11:09:24,291] ERROR [Consumer clientId=consumer-1, groupId=console-consumer-93246] Connection to node -3 (kafkaqa-eu-west-1c-01.vistajetaws.local/10.142.133.10:32000) failed authentication due to: SSL handshake failed (org.apache.kafka.clients.NetworkClient)
[2019-02-12 11:09:24,302] ERROR Error processing message, terminating consumer process:  (kafka.tools.ConsoleConsumer$)
org.apache.kafka.common.errors.SslAuthenticationException: SSL handshake failed
Caused by: javax.net.ssl.SSLHandshakeException: General SSLEngine problem
	at sun.security.ssl.Handshaker.checkThrown(Handshaker.java:1431)
	at sun.security.ssl.SSLEngineImpl.checkTaskThrown(SSLEngineImpl.java:535)
	at sun.security.ssl.SSLEngineImpl.writeAppRecord(SSLEngineImpl.java:1214)
	at sun.security.ssl.SSLEngineImpl.wrap(SSLEngineImpl.java:1186)
	at javax.net.ssl.SSLEngine.wrap(SSLEngine.java:469)
	at org.apache.kafka.common.network.SslTransportLayer.handshakeWrap(SslTransportLayer.java:447)
	at org.apache.kafka.common.network.SslTransportLayer.doHandshake(SslTransportLayer.java:312)
	at org.apache.kafka.common.network.SslTransportLayer.handshake(SslTransportLayer.java:265)
	at org.apache.kafka.common.network.KafkaChannel.prepare(KafkaChannel.java:138)
	at org.apache.kafka.common.network.Selector.pollSelectionKeys(Selector.java:532)
	at org.apache.kafka.common.network.Selector.poll(Selector.java:467)
	at org.apache.kafka.clients.NetworkClient.poll(NetworkClient.java:535)
	at org.apache.kafka.clients.consumer.internals.ConsumerNetworkClient.poll(ConsumerNetworkClient.java:265)
	at org.apache.kafka.clients.consumer.internals.ConsumerNetworkClient.poll(ConsumerNetworkClient.java:236)
	at org.apache.kafka.clients.consumer.internals.ConsumerNetworkClient.poll(ConsumerNetworkClient.java:215)
	at org.apache.kafka.clients.consumer.internals.AbstractCoordinator.ensureCoordinatorReady(AbstractCoordinator.java:231)
	at org.apache.kafka.clients.consumer.internals.ConsumerCoordinator.poll(ConsumerCoordinator.java:316)
	at org.apache.kafka.clients.consumer.KafkaConsumer.updateAssignmentMetadataIfNeeded(KafkaConsumer.java:1214)
	at org.apache.kafka.clients.consumer.KafkaConsumer.poll(KafkaConsumer.java:1179)
	at org.apache.kafka.clients.consumer.KafkaConsumer.poll(KafkaConsumer.java:1164)
	at kafka.tools.ConsoleConsumer$ConsumerWrapper.receive(ConsoleConsumer.scala:436)
	at kafka.tools.ConsoleConsumer$.process(ConsoleConsumer.scala:104)
	at kafka.tools.ConsoleConsumer$.run(ConsoleConsumer.scala:76)
	at kafka.tools.ConsoleConsumer$.main(ConsoleConsumer.scala:54)
	at kafka.tools.ConsoleConsumer.main(ConsoleConsumer.scala)
Caused by: javax.net.ssl.SSLHandshakeException: General SSLEngine problem
	at sun.security.ssl.Alerts.getSSLException(Alerts.java:192)
	at sun.security.ssl.SSLEngineImpl.fatal(SSLEngineImpl.java:1728)
	at sun.security.ssl.Handshaker.fatalSE(Handshaker.java:304)
	at sun.security.ssl.Handshaker.fatalSE(Handshaker.java:296)
	at sun.security.ssl.ClientHandshaker.serverCertificate(ClientHandshaker.java:1509)
	at sun.security.ssl.ClientHandshaker.processMessage(ClientHandshaker.java:216)
	at sun.security.ssl.Handshaker.processLoop(Handshaker.java:979)
	at sun.security.ssl.Handshaker$1.run(Handshaker.java:919)
	at sun.security.ssl.Handshaker$1.run(Handshaker.java:916)
	at java.security.AccessController.doPrivileged(Native Method)
	at sun.security.ssl.Handshaker$DelegatedTask.run(Handshaker.java:1369)
	at org.apache.kafka.common.network.SslTransportLayer.runDelegatedTasks(SslTransportLayer.java:401)
	at org.apache.kafka.common.network.SslTransportLayer.handshakeUnwrap(SslTransportLayer.java:483)
	at org.apache.kafka.common.network.SslTransportLayer.doHandshake(SslTransportLayer.java:339)
	... 18 more
Caused by: java.security.cert.CertificateException: No name matching kafkaqa-eu-west-1c-01.vistajetaws.local found
	at sun.security.util.HostnameChecker.matchDNS(HostnameChecker.java:221)
	at sun.security.util.HostnameChecker.match(HostnameChecker.java:95)
	at sun.security.ssl.X509TrustManagerImpl.checkIdentity(X509TrustManagerImpl.java:455)
	at sun.security.ssl.X509TrustManagerImpl.checkIdentity(X509TrustManagerImpl.java:436)
	at sun.security.ssl.X509TrustManagerImpl.checkTrusted(X509TrustManagerImpl.java:252)
	at sun.security.ssl.X509TrustManagerImpl.checkServerTrusted(X509TrustManagerImpl.java:136)
	at sun.security.ssl.ClientHandshaker.serverCertificate(ClientHandshaker.java:1496)
	... 27 more
[2019-02-12 11:11:59,101] ERROR Unknown error when running consumer:  (kafka.tools.ConsoleConsumer$)
org.apache.kafka.common.KafkaException: Failed to construct kafka consumer
	at org.apache.kafka.clients.consumer.KafkaConsumer.<init>(KafkaConsumer.java:805)
	at org.apache.kafka.clients.consumer.KafkaConsumer.<init>(KafkaConsumer.java:652)
	at kafka.tools.ConsoleConsumer$.run(ConsoleConsumer.scala:67)
	at kafka.tools.ConsoleConsumer$.main(ConsoleConsumer.scala:54)
	at kafka.tools.ConsoleConsumer.main(ConsoleConsumer.scala)
Caused by: org.apache.kafka.common.KafkaException: org.apache.kafka.common.KafkaException: org.apache.kafka.common.KafkaException: Failed to load SSL keystore kafka.client.keystore.jks of type JKS
	at org.apache.kafka.common.network.SslChannelBuilder.configure(SslChannelBuilder.java:66)
	at org.apache.kafka.common.network.ChannelBuilders.create(ChannelBuilders.java:140)
	at org.apache.kafka.common.network.ChannelBuilders.clientChannelBuilder(ChannelBuilders.java:65)
	at org.apache.kafka.clients.ClientUtils.createChannelBuilder(ClientUtils.java:108)
	at org.apache.kafka.clients.consumer.KafkaConsumer.<init>(KafkaConsumer.java:718)
	... 4 more
Caused by: org.apache.kafka.common.KafkaException: org.apache.kafka.common.KafkaException: Failed to load SSL keystore kafka.client.keystore.jks of type JKS
	at org.apache.kafka.common.security.ssl.SslFactory.configure(SslFactory.java:143)
	at org.apache.kafka.common.network.SslChannelBuilder.configure(SslChannelBuilder.java:64)
	... 8 more
Caused by: org.apache.kafka.common.KafkaException: Failed to load SSL keystore kafka.client.keystore.jks of type JKS
	at org.apache.kafka.common.security.ssl.SslFactory$SecurityStore.load(SslFactory.java:347)
	at org.apache.kafka.common.security.ssl.SslFactory.createSSLContext(SslFactory.java:230)
	at org.apache.kafka.common.security.ssl.SslFactory.configure(SslFactory.java:141)
	... 9 more
Caused by: java.nio.file.NoSuchFileException: kafka.client.keystore.jks
	at sun.nio.fs.UnixException.translateToIOException(UnixException.java:86)
	at sun.nio.fs.UnixException.rethrowAsIOException(UnixException.java:102)
	at sun.nio.fs.UnixException.rethrowAsIOException(UnixException.java:107)
	at sun.nio.fs.UnixFileSystemProvider.newByteChannel(UnixFileSystemProvider.java:214)
	at java.nio.file.Files.newByteChannel(Files.java:361)
	at java.nio.file.Files.newByteChannel(Files.java:407)
	at java.nio.file.spi.FileSystemProvider.newInputStream(FileSystemProvider.java:384)
	at java.nio.file.Files.newInputStream(Files.java:152)
	at org.apache.kafka.common.security.ssl.SslFactory$SecurityStore.load(SslFactory.java:336)
	... 11 more
[2019-02-12 11:12:40,698] ERROR [Consumer clientId=consumer-1, groupId=console-consumer-50628] Connection to node -2 (kafkaqa-eu-west-1b-01.vistajetaws.local/10.142.132.10:32000) failed authentication due to: SSL handshake failed (org.apache.kafka.clients.NetworkClient)
[2019-02-12 11:12:40,714] ERROR Error processing message, terminating consumer process:  (kafka.tools.ConsoleConsumer$)
org.apache.kafka.common.errors.SslAuthenticationException: SSL handshake failed
Caused by: javax.net.ssl.SSLHandshakeException: General SSLEngine problem
	at sun.security.ssl.Handshaker.checkThrown(Handshaker.java:1431)
	at sun.security.ssl.SSLEngineImpl.checkTaskThrown(SSLEngineImpl.java:535)
	at sun.security.ssl.SSLEngineImpl.writeAppRecord(SSLEngineImpl.java:1214)
	at sun.security.ssl.SSLEngineImpl.wrap(SSLEngineImpl.java:1186)
	at javax.net.ssl.SSLEngine.wrap(SSLEngine.java:469)
	at org.apache.kafka.common.network.SslTransportLayer.handshakeWrap(SslTransportLayer.java:447)
	at org.apache.kafka.common.network.SslTransportLayer.doHandshake(SslTransportLayer.java:312)
	at org.apache.kafka.common.network.SslTransportLayer.handshake(SslTransportLayer.java:265)
	at org.apache.kafka.common.network.KafkaChannel.prepare(KafkaChannel.java:138)
	at org.apache.kafka.common.network.Selector.pollSelectionKeys(Selector.java:532)
	at org.apache.kafka.common.network.Selector.poll(Selector.java:467)
	at org.apache.kafka.clients.NetworkClient.poll(NetworkClient.java:535)
	at org.apache.kafka.clients.consumer.internals.ConsumerNetworkClient.poll(ConsumerNetworkClient.java:265)
	at org.apache.kafka.clients.consumer.internals.ConsumerNetworkClient.poll(ConsumerNetworkClient.java:236)
	at org.apache.kafka.clients.consumer.internals.ConsumerNetworkClient.poll(ConsumerNetworkClient.java:215)
	at org.apache.kafka.clients.consumer.internals.AbstractCoordinator.ensureCoordinatorReady(AbstractCoordinator.java:231)
	at org.apache.kafka.clients.consumer.internals.ConsumerCoordinator.poll(ConsumerCoordinator.java:316)
	at org.apache.kafka.clients.consumer.KafkaConsumer.updateAssignmentMetadataIfNeeded(KafkaConsumer.java:1214)
	at org.apache.kafka.clients.consumer.KafkaConsumer.poll(KafkaConsumer.java:1179)
	at org.apache.kafka.clients.consumer.KafkaConsumer.poll(KafkaConsumer.java:1164)
	at kafka.tools.ConsoleConsumer$ConsumerWrapper.receive(ConsoleConsumer.scala:436)
	at kafka.tools.ConsoleConsumer$.process(ConsoleConsumer.scala:104)
	at kafka.tools.ConsoleConsumer$.run(ConsoleConsumer.scala:76)
	at kafka.tools.ConsoleConsumer$.main(ConsoleConsumer.scala:54)
	at kafka.tools.ConsoleConsumer.main(ConsoleConsumer.scala)
Caused by: javax.net.ssl.SSLHandshakeException: General SSLEngine problem
	at sun.security.ssl.Alerts.getSSLException(Alerts.java:192)
	at sun.security.ssl.SSLEngineImpl.fatal(SSLEngineImpl.java:1728)
	at sun.security.ssl.Handshaker.fatalSE(Handshaker.java:304)
	at sun.security.ssl.Handshaker.fatalSE(Handshaker.java:296)
	at sun.security.ssl.ClientHandshaker.serverCertificate(ClientHandshaker.java:1509)
	at sun.security.ssl.ClientHandshaker.processMessage(ClientHandshaker.java:216)
	at sun.security.ssl.Handshaker.processLoop(Handshaker.java:979)
	at sun.security.ssl.Handshaker$1.run(Handshaker.java:919)
	at sun.security.ssl.Handshaker$1.run(Handshaker.java:916)
	at java.security.AccessController.doPrivileged(Native Method)
	at sun.security.ssl.Handshaker$DelegatedTask.run(Handshaker.java:1369)
	at org.apache.kafka.common.network.SslTransportLayer.runDelegatedTasks(SslTransportLayer.java:401)
	at org.apache.kafka.common.network.SslTransportLayer.handshakeUnwrap(SslTransportLayer.java:483)
	at org.apache.kafka.common.network.SslTransportLayer.doHandshake(SslTransportLayer.java:339)
	... 18 more
Caused by: java.security.cert.CertificateException: No name matching kafkaqa-eu-west-1b-01.vistajetaws.local found
	at sun.security.util.HostnameChecker.matchDNS(HostnameChecker.java:221)
	at sun.security.util.HostnameChecker.match(HostnameChecker.java:95)
	at sun.security.ssl.X509TrustManagerImpl.checkIdentity(X509TrustManagerImpl.java:455)
	at sun.security.ssl.X509TrustManagerImpl.checkIdentity(X509TrustManagerImpl.java:436)
	at sun.security.ssl.X509TrustManagerImpl.checkTrusted(X509TrustManagerImpl.java:252)
	at sun.security.ssl.X509TrustManagerImpl.checkServerTrusted(X509TrustManagerImpl.java:136)
	at sun.security.ssl.ClientHandshaker.serverCertificate(ClientHandshaker.java:1496)
	... 27 more
[2019-02-12 11:14:51,334] ERROR [Consumer clientId=consumer-1, groupId=console-consumer-9277] Connection to node -3 (kafkaqa-eu-west-1c-01.vistajetaws.local/10.142.133.10:32000) failed authentication due to: SSL handshake failed (org.apache.kafka.clients.NetworkClient)
[2019-02-12 11:14:51,350] ERROR Error processing message, terminating consumer process:  (kafka.tools.ConsoleConsumer$)
org.apache.kafka.common.errors.SslAuthenticationException: SSL handshake failed
Caused by: javax.net.ssl.SSLHandshakeException: General SSLEngine problem
	at sun.security.ssl.Handshaker.checkThrown(Handshaker.java:1431)
	at sun.security.ssl.SSLEngineImpl.checkTaskThrown(SSLEngineImpl.java:535)
	at sun.security.ssl.SSLEngineImpl.writeAppRecord(SSLEngineImpl.java:1214)
	at sun.security.ssl.SSLEngineImpl.wrap(SSLEngineImpl.java:1186)
	at javax.net.ssl.SSLEngine.wrap(SSLEngine.java:469)
	at org.apache.kafka.common.network.SslTransportLayer.handshakeWrap(SslTransportLayer.java:447)
	at org.apache.kafka.common.network.SslTransportLayer.doHandshake(SslTransportLayer.java:312)
	at org.apache.kafka.common.network.SslTransportLayer.handshake(SslTransportLayer.java:265)
	at org.apache.kafka.common.network.KafkaChannel.prepare(KafkaChannel.java:138)
	at org.apache.kafka.common.network.Selector.pollSelectionKeys(Selector.java:532)
	at org.apache.kafka.common.network.Selector.poll(Selector.java:467)
	at org.apache.kafka.clients.NetworkClient.poll(NetworkClient.java:535)
	at org.apache.kafka.clients.consumer.internals.ConsumerNetworkClient.poll(ConsumerNetworkClient.java:265)
	at org.apache.kafka.clients.consumer.internals.ConsumerNetworkClient.poll(ConsumerNetworkClient.java:236)
	at org.apache.kafka.clients.consumer.internals.ConsumerNetworkClient.poll(ConsumerNetworkClient.java:215)
	at org.apache.kafka.clients.consumer.internals.AbstractCoordinator.ensureCoordinatorReady(AbstractCoordinator.java:231)
	at org.apache.kafka.clients.consumer.internals.ConsumerCoordinator.poll(ConsumerCoordinator.java:316)
	at org.apache.kafka.clients.consumer.KafkaConsumer.updateAssignmentMetadataIfNeeded(KafkaConsumer.java:1214)
	at org.apache.kafka.clients.consumer.KafkaConsumer.poll(KafkaConsumer.java:1179)
	at org.apache.kafka.clients.consumer.KafkaConsumer.poll(KafkaConsumer.java:1164)
	at kafka.tools.ConsoleConsumer$ConsumerWrapper.receive(ConsoleConsumer.scala:436)
	at kafka.tools.ConsoleConsumer$.process(ConsoleConsumer.scala:104)
	at kafka.tools.ConsoleConsumer$.run(ConsoleConsumer.scala:76)
	at kafka.tools.ConsoleConsumer$.main(ConsoleConsumer.scala:54)
	at kafka.tools.ConsoleConsumer.main(ConsoleConsumer.scala)
Caused by: javax.net.ssl.SSLHandshakeException: General SSLEngine problem
	at sun.security.ssl.Alerts.getSSLException(Alerts.java:192)
	at sun.security.ssl.SSLEngineImpl.fatal(SSLEngineImpl.java:1728)
	at sun.security.ssl.Handshaker.fatalSE(Handshaker.java:304)
	at sun.security.ssl.Handshaker.fatalSE(Handshaker.java:296)
	at sun.security.ssl.ClientHandshaker.serverCertificate(ClientHandshaker.java:1509)
	at sun.security.ssl.ClientHandshaker.processMessage(ClientHandshaker.java:216)
	at sun.security.ssl.Handshaker.processLoop(Handshaker.java:979)
	at sun.security.ssl.Handshaker$1.run(Handshaker.java:919)
	at sun.security.ssl.Handshaker$1.run(Handshaker.java:916)
	at java.security.AccessController.doPrivileged(Native Method)
	at sun.security.ssl.Handshaker$DelegatedTask.run(Handshaker.java:1369)
	at org.apache.kafka.common.network.SslTransportLayer.runDelegatedTasks(SslTransportLayer.java:401)
	at org.apache.kafka.common.network.SslTransportLayer.handshakeUnwrap(SslTransportLayer.java:483)
	at org.apache.kafka.common.network.SslTransportLayer.doHandshake(SslTransportLayer.java:339)
	... 18 more
Caused by: java.security.cert.CertificateException: No name matching kafkaqa-eu-west-1c-01.vistajetaws.local found
	at sun.security.util.HostnameChecker.matchDNS(HostnameChecker.java:221)
	at sun.security.util.HostnameChecker.match(HostnameChecker.java:95)
	at sun.security.ssl.X509TrustManagerImpl.checkIdentity(X509TrustManagerImpl.java:455)
	at sun.security.ssl.X509TrustManagerImpl.checkIdentity(X509TrustManagerImpl.java:436)
	at sun.security.ssl.X509TrustManagerImpl.checkTrusted(X509TrustManagerImpl.java:252)
	at sun.security.ssl.X509TrustManagerImpl.checkServerTrusted(X509TrustManagerImpl.java:136)
	at sun.security.ssl.ClientHandshaker.serverCertificate(ClientHandshaker.java:1496)
	... 27 more
